<?xml version="1.0" encoding="UTF-8"?>
<!-- Generated by org.testng.reporters.JUnitReportReporter -->
<testsuite skipped="0" hostname="CSLH1613" name="testCase.Common" tests="1" failures="0" timestamp="2020-10-12T21:27:18 IST" time="8.003" errors="0">
  <testcase name="allcases" time="8.003" classname="testCase.Common"/>
  <system-out/>
</testsuite> <!-- testCase.Common -->
